[5572:4764:0609/205259:INFO:AppRunner.cpp(619)] Begin run process geeplayer
[5572:4764:0609/205259:INFO:AppRunner.cpp(623)] ProductName is GeePlayer1
[5572:4764:0609/205259:INFO:AppRunner.cpp(662)] apppluginbase version is 4.3.4.80
[5572:4764:0609/205259:INFO:UIlib.cpp(192)] quilib: version is 4.3.4.78
[5572:4764:0609/205259:INFO:serviceManager.cpp(687)] mainprocessisrunning key is set as 1
[5572:4764:0609/205259:INFO:serviceManager.cpp(800)] create local service plugin PluginServerStatePlugin
[5572:4764:0609/205259:INFO:serviceManager.cpp(857)] plugin PluginServerStatePlugin DoPluginInit
[5572:4764:0609/205259:INFO:serviceManager.cpp(1523)] repository parse over
[5572:4764:0609/205259:INFO:UIManager.cpp(372)] quilib:call set resouce path, path is d:\program files (x86)\iqiyi video\geeplayer\2.5.35.3301\skin
[5572:4764:0609/205259:INFO:UIDlgBuilder.cpp(407)] quilib:create root control failed
[5572:4764:0609/205259:INFO:UIDlgBuilder.cpp(407)] quilib:create root control failed
[5572:4764:0609/205259:INFO:UIDlgBuilder.cpp(407)] quilib:create root control failed
[5572:4764:0609/205259:INFO:UIDlgBuilder.cpp(407)] quilib:create root control failed
[5572:4764:0609/205259:INFO:UIDlgBuilder.cpp(407)] quilib:create root control failed
[5572:4764:0609/205259:INFO:UIDlgBuilder.cpp(407)] quilib:create root control failed
[5572:4764:0609/205302:INFO:AppRunner.cpp(715)] loop exit geeplayer call main plugin DestoryPluginEntry
[5572:4764:0609/205302:INFO:IPlugin.cpp(117)] real plugin mainPlugin call DestroyPlugin
[5572:4764:0609/205302:INFO:IPlugin.cpp(374)] destruct plugin mainPlugin
[5572:4764:0609/205302:INFO:serviceManager.cpp(1608)] mainPlugin plugin had destroy by DestructPlugin
[5572:4764:0609/205302:INFO:serviceManager.cpp(2532)] DestructManager begin
[5572:4764:0609/205302:INFO:IPlugin.cpp(374)] destruct plugin PluginServerStatePlugin
[5572:4764:0609/205302:INFO:IPlugin.cpp(286)] real plugin PluginServerStatePlugin call DestroyPlugin
[5572:4764:0609/205302:INFO:serviceManager.cpp(1608)] PluginServerStatePlugin plugin had destroy by DestructPlugin
[5572:4764:0609/205302:INFO:serviceManager.cpp(2408)] DeleteLeftPlugins begin
[5572:4764:0609/205302:INFO:serviceManager.cpp(2470)] DeleteLeftPlugins end
[5572:4764:0609/205302:INFO:serviceManager.cpp(687)] mainprocessisrunning key is set as 0
[5572:4764:0609/205302:INFO:AppRunner.cpp(730)] close mutex of process geeplayer
[5572:4764:0609/205302:INFO:AppRunner.cpp(738)] run process geeplayer end
[5100:5148:0609/205305:INFO:AppRunner.cpp(619)] Begin run process geeplayer
[5100:5148:0609/205305:INFO:AppRunner.cpp(623)] ProductName is GeePlayer1
[5100:5148:0609/205305:INFO:AppRunner.cpp(662)] apppluginbase version is 4.3.4.80
[5100:5148:0609/205305:INFO:UIlib.cpp(192)] quilib: version is 4.3.4.78
[5100:5148:0609/205305:INFO:serviceManager.cpp(687)] mainprocessisrunning key is set as 1
[5100:5148:0609/205305:INFO:serviceManager.cpp(800)] create local service plugin PluginServerStatePlugin
[5100:5148:0609/205305:INFO:serviceManager.cpp(857)] plugin PluginServerStatePlugin DoPluginInit
[5100:5148:0609/205305:INFO:serviceManager.cpp(1523)] repository parse over
[5100:5148:0609/205305:INFO:UIManager.cpp(372)] quilib:call set resouce path, path is d:\program files (x86)\iqiyi video\geeplayer\2.5.35.3301\skin
[5100:5148:0609/205305:INFO:UIDlgBuilder.cpp(407)] quilib:create root control failed
[5100:5148:0609/205305:INFO:UIDlgBuilder.cpp(407)] quilib:create root control failed
[5100:5148:0609/205305:INFO:UIDlgBuilder.cpp(407)] quilib:create root control failed
[5100:5148:0609/205305:INFO:UIDlgBuilder.cpp(407)] quilib:create root control failed
[5100:5148:0609/205305:INFO:UIDlgBuilder.cpp(407)] quilib:create root control failed
[5100:5148:0609/205305:INFO:UIDlgBuilder.cpp(407)] quilib:create root control failed
[5100:5148:0609/205308:INFO:AppRunner.cpp(715)] loop exit geeplayer call main plugin DestoryPluginEntry
[5100:5148:0609/205308:INFO:IPlugin.cpp(117)] real plugin mainPlugin call DestroyPlugin
[5100:5148:0609/205309:INFO:IPlugin.cpp(374)] destruct plugin mainPlugin
[5100:5148:0609/205309:INFO:serviceManager.cpp(1608)] mainPlugin plugin had destroy by DestructPlugin
[5100:5148:0609/205309:INFO:serviceManager.cpp(2532)] DestructManager begin
[5100:5148:0609/205309:INFO:IPlugin.cpp(374)] destruct plugin PluginServerStatePlugin
[5100:5148:0609/205309:INFO:IPlugin.cpp(286)] real plugin PluginServerStatePlugin call DestroyPlugin
[5100:5148:0609/205309:INFO:serviceManager.cpp(1608)] PluginServerStatePlugin plugin had destroy by DestructPlugin
[5100:5148:0609/205309:INFO:serviceManager.cpp(2408)] DeleteLeftPlugins begin
[5100:5148:0609/205309:INFO:serviceManager.cpp(2470)] DeleteLeftPlugins end
[5100:5148:0609/205309:INFO:serviceManager.cpp(687)] mainprocessisrunning key is set as 0
[5100:5148:0609/205309:INFO:AppRunner.cpp(730)] close mutex of process geeplayer
[5100:5148:0609/205309:INFO:AppRunner.cpp(738)] run process geeplayer end
[4552:3504:0609/205310:INFO:AppRunner.cpp(619)] Begin run process geeplayer
[4552:3504:0609/205310:INFO:AppRunner.cpp(623)] ProductName is GeePlayer1
[4552:3504:0609/205310:INFO:AppRunner.cpp(662)] apppluginbase version is 4.3.4.80
[4552:3504:0609/205310:INFO:UIlib.cpp(192)] quilib: version is 4.3.4.78
[4552:3504:0609/205310:INFO:serviceManager.cpp(687)] mainprocessisrunning key is set as 1
[4552:3504:0609/205310:INFO:serviceManager.cpp(800)] create local service plugin PluginServerStatePlugin
[4552:3504:0609/205310:INFO:serviceManager.cpp(857)] plugin PluginServerStatePlugin DoPluginInit
[4552:3504:0609/205310:INFO:serviceManager.cpp(1523)] repository parse over
[4552:3504:0609/205310:INFO:UIManager.cpp(372)] quilib:call set resouce path, path is d:\program files (x86)\iqiyi video\geeplayer\2.5.35.3301\skin
[4552:3504:0609/205310:INFO:UIDlgBuilder.cpp(407)] quilib:create root control failed
[4552:3504:0609/205310:INFO:UIDlgBuilder.cpp(407)] quilib:create root control failed
[4552:3504:0609/205310:INFO:UIDlgBuilder.cpp(407)] quilib:create root control failed
[4552:3504:0609/205310:INFO:UIDlgBuilder.cpp(407)] quilib:create root control failed
[4552:3504:0609/205310:INFO:UIDlgBuilder.cpp(407)] quilib:create root control failed
[4552:3504:0609/205310:INFO:UIDlgBuilder.cpp(407)] quilib:create root control failed
[4552:3504:0609/205312:INFO:AppRunner.cpp(715)] loop exit geeplayer call main plugin DestoryPluginEntry
[4552:3504:0609/205312:INFO:IPlugin.cpp(117)] real plugin mainPlugin call DestroyPlugin
[4552:3504:0609/205312:INFO:IPlugin.cpp(374)] destruct plugin mainPlugin
[4552:3504:0609/205312:INFO:serviceManager.cpp(1608)] mainPlugin plugin had destroy by DestructPlugin
[4552:3504:0609/205312:INFO:serviceManager.cpp(2532)] DestructManager begin
[4552:3504:0609/205312:INFO:IPlugin.cpp(374)] destruct plugin PluginServerStatePlugin
[4552:3504:0609/205312:INFO:IPlugin.cpp(286)] real plugin PluginServerStatePlugin call DestroyPlugin
[4552:3504:0609/205312:INFO:serviceManager.cpp(1608)] PluginServerStatePlugin plugin had destroy by DestructPlugin
[4552:3504:0609/205312:INFO:serviceManager.cpp(2408)] DeleteLeftPlugins begin
[4552:3504:0609/205312:INFO:serviceManager.cpp(2470)] DeleteLeftPlugins end
[4552:3504:0609/205312:INFO:serviceManager.cpp(687)] mainprocessisrunning key is set as 0
[4552:3504:0609/205312:INFO:AppRunner.cpp(730)] close mutex of process geeplayer
[4552:3504:0609/205312:INFO:AppRunner.cpp(738)] run process geeplayer end
